# JRE version: OpenJDK Runtime Environment Corretto-21.0.9.10.1 (21.0.9+10) (build 21.0.9+10-LTS)
# Java VM: OpenJDK 64-Bit Server VM Corretto-21.0.9.10.1 (21.0.9+10-LTS, mixed mode, sharing, tiered, compressed oops, compressed class ptrs, g1 gc, windows-amd64)
GC Precious Log:
 CardTable entry size: 512
 Card Set container configuration: InlinePtr #cards 5 size 8 Array Of Cards #cards 12 size 40 Howl #buckets 4 coarsen threshold 1843 Howl Bitmap #cards 512 size 80 coarsen threshold 460 Card regions per heap region 1 cards per card region 2048
 CPUs: 8 total, 8 available
 Memory: 16198M
 Large Page Support: Disabled
 NUMA Support: Disabled
 Compressed Oops: Enabled (32-bit)
 Heap Region Size: 1M
 Heap Min Capacity: 256M
 Heap Initial Capacity: 256M
 Heap Max Capacity: 512M
 Pre-touch: Disabled
 Parallel Workers: 8
 Concurrent Workers: 2
 Concurrent Refinement Workers: 8
 Periodic GC: Disabled
Heap:
 garbage-first heap   total 262144K, used 113980K [0x00000000e0000000, 0x0000000100000000)
  region size 1024K, 53 young (54272K), 8 survivors (8192K)
 Metaspace       used 74879K, committed 77120K, reserved 458752K
  class space    used 10479K, committed 11584K, reserved 327680K
GC Heap History (20 events):
Event: 1.311 GC heap before
{Heap before GC invocations=0 (full 0):
 garbage-first heap   total 262144K, used 23552K [0x00000000e0000000, 0x0000000100000000)
  region size 1024K, 23 young (23552K), 0 survivors (0K)
 Metaspace       used 945K, committed 1088K, reserved 393216K
  class space    used 76K, committed 128K, reserved 327680K
}
Event: 1.317 GC heap after
{Heap after GC invocations=1 (full 0):
 garbage-first heap   total 262144K, used 1671K [0x00000000e0000000, 0x0000000100000000)
  region size 1024K, 2 young (2048K), 2 survivors (2048K)
 Metaspace       used 945K, committed 1088K, reserved 393216K
  class space    used 76K, committed 128K, reserved 327680K
}
Event: 3.360 GC heap before
{Heap before GC invocations=1 (full 0):
 garbage-first heap   total 262144K, used 41607K [0x00000000e0000000, 0x0000000100000000)
  region size 1024K, 38 young (38912K), 2 survivors (2048K)
 Metaspace       used 4530K, committed 4736K, reserved 393216K
  class space    used 562K, committed 640K, reserved 327680K
}
Event: 3.367 GC heap after
{Heap after GC invocations=2 (full 0):
 garbage-first heap   total 262144K, used 10912K [0x00000000e0000000, 0x0000000100000000)
  region size 1024K, 5 young (5120K), 5 survivors (5120K)
 Metaspace       used 4530K, committed 4736K, reserved 393216K
  class space    used 562K, committed 640K, reserved 327680K
}
Event: 9.566 GC heap before
{Heap before GC invocations=2 (full 0):
 garbage-first heap   total 262144K, used 144032K [0x00000000e0000000, 0x0000000100000000)
  region size 1024K, 133 young (136192K), 5 survivors (5120K)
 Metaspace       used 19662K, committed 20288K, reserved 393216K
  class space    used 2827K, committed 3136K, reserved 327680K
}
Event: 9.584 GC heap after
{Heap after GC invocations=3 (full 0):
 garbage-first heap   total 262144K, used 22816K [0x00000000e0000000, 0x0000000100000000)
  region size 1024K, 16 young (16384K), 16 survivors (16384K)
 Metaspace       used 19662K, committed 20288K, reserved 393216K
  class space    used 2827K, committed 3136K, reserved 327680K
}
Event: 10.155 GC heap before
{Heap before GC invocations=3 (full 0):
 garbage-first heap   total 262144K, used 33056K [0x00000000e0000000, 0x0000000100000000)
  region size 1024K, 27 young (27648K), 16 survivors (16384K)
 Metaspace       used 20945K, committed 21504K, reserved 393216K
  class space    used 3049K, committed 3328K, reserved 327680K
}
Event: 10.175 GC heap after
{Heap after GC invocations=4 (full 0):
 garbage-first heap   total 262144K, used 24763K [0x00000000e0000000, 0x0000000100000000)
  region size 1024K, 2 young (2048K), 2 survivors (2048K)
 Metaspace       used 20945K, committed 21504K, reserved 393216K
  class space    used 3049K, committed 3328K, reserved 327680K
}
Event: 14.810 GC heap before
{Heap before GC invocations=5 (full 0):
 garbage-first heap   total 262144K, used 136379K [0x00000000e0000000, 0x0000000100000000)
  region size 1024K, 108 young (110592K), 2 survivors (2048K)
 Metaspace       used 34933K, committed 35968K, reserved 393216K
  class space    used 4908K, committed 5440K, reserved 327680K
}
Event: 14.825 GC heap after
{Heap after GC invocations=6 (full 0):
 garbage-first heap   total 262144K, used 34793K [0x00000000e0000000, 0x0000000100000000)
  region size 1024K, 10 young (10240K), 10 survivors (10240K)
 Metaspace       used 34933K, committed 35968K, reserved 393216K
  class space    used 4908K, committed 5440K, reserved 327680K
}
Event: 19.660 GC heap before
{Heap before GC invocations=7 (full 0):
 garbage-first heap   total 262144K, used 184297K [0x00000000e0000000, 0x0000000100000000)
  region size 1024K, 153 young (156672K), 10 survivors (10240K)
 Metaspace       used 50156K, committed 51904K, reserved 393216K
  class space    used 7136K, committed 8000K, reserved 327680K
}
Event: 19.676 GC heap after
{Heap after GC invocations=8 (full 0):
 garbage-first heap   total 262144K, used 43888K [0x00000000e0000000, 0x0000000100000000)
  region size 1024K, 19 young (19456K), 19 survivors (19456K)
 Metaspace       used 50156K, committed 51904K, reserved 393216K
  class space    used 7136K, committed 8000K, reserved 327680K
}
Event: 21.362 GC heap before
{Heap before GC invocations=8 (full 0):
 garbage-first heap   total 262144K, used 93040K [0x00000000e0000000, 0x0000000100000000)
  region size 1024K, 69 young (70656K), 19 survivors (19456K)
 Metaspace       used 58788K, committed 60480K, reserved 393216K
  class space    used 8311K, committed 9152K, reserved 327680K
}
Event: 21.384 GC heap after
{Heap after GC invocations=9 (full 0):
 garbage-first heap   total 262144K, used 48294K [0x00000000e0000000, 0x0000000100000000)
  region size 1024K, 15 young (15360K), 15 survivors (15360K)
 Metaspace       used 58788K, committed 60480K, reserved 393216K
  class space    used 8311K, committed 9152K, reserved 327680K
}
Event: 21.414 GC heap before
{Heap before GC invocations=9 (full 0):
 garbage-first heap   total 262144K, used 48294K [0x00000000e0000000, 0x0000000100000000)
  region size 1024K, 16 young (16384K), 15 survivors (15360K)
 Metaspace       used 59143K, committed 60800K, reserved 393216K
  class space    used 8345K, committed 9152K, reserved 327680K
}
Event: 21.426 GC heap after
{Heap after GC invocations=10 (full 0):
 garbage-first heap   total 262144K, used 48471K [0x00000000e0000000, 0x0000000100000000)
  region size 1024K, 5 young (5120K), 5 survivors (5120K)
 Metaspace       used 59143K, committed 60800K, reserved 393216K
  class space    used 8345K, committed 9152K, reserved 327680K
}
Event: 27.082 GC heap before
{Heap before GC invocations=11 (full 0):
 garbage-first heap   total 262144K, used 200023K [0x00000000e0000000, 0x0000000100000000)
  region size 1024K, 153 young (156672K), 5 survivors (5120K)
 Metaspace       used 68515K, committed 70592K, reserved 393216K
  class space    used 9659K, committed 10688K, reserved 327680K
}
Event: 27.103 GC heap after
{Heap after GC invocations=12 (full 0):
 garbage-first heap   total 262144K, used 60048K [0x00000000e0000000, 0x0000000100000000)
  region size 1024K, 17 young (17408K), 17 survivors (17408K)
 Metaspace       used 68515K, committed 70592K, reserved 393216K
  class space    used 9659K, committed 10688K, reserved 327680K
}
Event: 30.613 GC heap before
{Heap before GC invocations=12 (full 0):
 garbage-first heap   total 262144K, used 198288K [0x00000000e0000000, 0x0000000100000000)
  region size 1024K, 153 young (156672K), 17 survivors (17408K)
 Metaspace       used 73191K, committed 75328K, reserved 393216K
  class space    used 10209K, committed 11264K, reserved 327680K
}
Event: 30.636 GC heap after
{Heap after GC invocations=13 (full 0):
 garbage-first heap   total 262144K, used 65852K [0x00000000e0000000, 0x0000000100000000)
  region size 1024K, 8 young (8192K), 8 survivors (8192K)
 Metaspace       used 73191K, committed 75328K, reserved 393216K
  class space    used 10209K, committed 11264K, reserved 327680K
}

